0 info it worked if it ends with ok
1 verbose cli [ 'node', '/usr/local/bin/npm', 'install', 'restify' ]
2 info using npm@1.4.28
3 info using node@v0.10.33
4 verbose readDependencies using package.json deps
5 verbose cache add [ 'restify@~4.2.0', null ]
6 verbose cache add name=undefined spec="restify@~4.2.0" args=["restify@~4.2.0",null]
7 verbose parsed url { protocol: null,
7 verbose parsed url   slashes: null,
7 verbose parsed url   auth: null,
7 verbose parsed url   host: null,
7 verbose parsed url   port: null,
7 verbose parsed url   hostname: null,
7 verbose parsed url   hash: null,
7 verbose parsed url   search: null,
7 verbose parsed url   query: null,
7 verbose parsed url   pathname: 'restify@~4.2.0',
7 verbose parsed url   path: 'restify@~4.2.0',
7 verbose parsed url   href: 'restify@~4.2.0' }
8 verbose cache add name="restify" spec="~4.2.0" args=["restify","~4.2.0"]
9 verbose parsed url { protocol: null,
9 verbose parsed url   slashes: null,
9 verbose parsed url   auth: null,
9 verbose parsed url   host: null,
9 verbose parsed url   port: null,
9 verbose parsed url   hostname: null,
9 verbose parsed url   hash: null,
9 verbose parsed url   search: null,
9 verbose parsed url   query: null,
9 verbose parsed url   pathname: '~4.2.0',
9 verbose parsed url   path: '~4.2.0',
9 verbose parsed url   href: '~4.2.0' }
10 verbose addNamed [ 'restify', '~4.2.0' ]
11 verbose addNamed [ null, '>=4.2.0-0 <4.3.0-0' ]
12 silly lockFile 46c35eb1-restify-4-2-0 restify@~4.2.0
13 verbose lock restify@~4.2.0 /Users/Vinky/.npm/46c35eb1-restify-4-2-0.lock
14 silly addNameRange { name: 'restify', range: '>=4.2.0-0 <4.3.0-0', hasData: false }
15 verbose request where is /restify
16 verbose request registry https://registry.npmjs.org/
17 verbose request id 545580d3bbe7ee1f
18 verbose url raw /restify
19 verbose url resolving [ 'https://registry.npmjs.org/', './restify' ]
20 verbose url resolved https://registry.npmjs.org/restify
21 verbose request where is https://registry.npmjs.org/restify
22 info trying registry request attempt 1 at 21:16:11
23 http GET https://registry.npmjs.org/restify
24 http 200 https://registry.npmjs.org/restify
25 silly registry.get cb [ 200,
25 silly registry.get   { date: 'Thu, 30 Oct 2014 02:16:11 GMT',
25 silly registry.get     server: 'CouchDB/1.5.0 (Erlang OTP/R16B03)',
25 silly registry.get     etag: '"DL40Z6WHSBVGL8FARI20FDGZB"',
25 silly registry.get     'content-type': 'application/json',
25 silly registry.get     'cache-control': 'max-age=60',
25 silly registry.get     'content-length': '150569',
25 silly registry.get     'accept-ranges': 'bytes',
25 silly registry.get     via: '1.1 varnish',
25 silly registry.get     age: '0',
25 silly registry.get     'x-served-by': 'cache-ord1731-ORD',
25 silly registry.get     'x-cache': 'HIT',
25 silly registry.get     'x-cache-hits': '1',
25 silly registry.get     'x-timer': 'S1414635371.369257,VS0,VE276',
25 silly registry.get     vary: 'Accept',
25 silly registry.get     'keep-alive': 'timeout=10, max=50',
25 silly registry.get     connection: 'Keep-Alive' } ]
26 silly addNameRange number 2 { name: 'restify', range: '>=4.2.0-0 <4.3.0-0', hasData: true }
27 silly addNameRange versions [ 'restify',
27 silly addNameRange   [ '0.1.0',
27 silly addNameRange     '0.1.1',
27 silly addNameRange     '0.1.2',
27 silly addNameRange     '0.1.4',
27 silly addNameRange     '0.1.5',
27 silly addNameRange     '0.1.6',
27 silly addNameRange     '0.1.7',
27 silly addNameRange     '0.1.8',
27 silly addNameRange     '0.1.9',
27 silly addNameRange     '0.1.10',
27 silly addNameRange     '0.1.11',
27 silly addNameRange     '0.1.12',
27 silly addNameRange     '0.1.13',
27 silly addNameRange     '0.1.14',
27 silly addNameRange     '0.1.15',
27 silly addNameRange     '0.1.16',
27 silly addNameRange     '0.1.17',
27 silly addNameRange     '0.1.18',
27 silly addNameRange     '0.1.19',
27 silly addNameRange     '0.1.20',
27 silly addNameRange     '0.1.21',
27 silly addNameRange     '0.1.22',
27 silly addNameRange     '0.1.23',
27 silly addNameRange     '0.2.0',
27 silly addNameRange     '0.2.1',
27 silly addNameRange     '0.2.2',
27 silly addNameRange     '0.2.3',
27 silly addNameRange     '0.2.4',
27 silly addNameRange     '0.2.5',
27 silly addNameRange     '0.2.6',
27 silly addNameRange     '0.2.7',
27 silly addNameRange     '0.2.8',
27 silly addNameRange     '0.2.9',
27 silly addNameRange     '0.2.10',
27 silly addNameRange     '0.2.11',
27 silly addNameRange     '0.2.12',
27 silly addNameRange     '0.2.13',
27 silly addNameRange     '0.3.0',
27 silly addNameRange     '0.3.1',
27 silly addNameRange     '0.3.2-pre1',
27 silly addNameRange     '0.3.2',
27 silly addNameRange     '0.3.3',
27 silly addNameRange     '0.3.4',
27 silly addNameRange     '0.3.5',
27 silly addNameRange     '0.3.6',
27 silly addNameRange     '0.3.7',
27 silly addNameRange     '0.3.8',
27 silly addNameRange     '0.3.9',
27 silly addNameRange     '0.3.10',
27 silly addNameRange     '0.3.11',
27 silly addNameRange     '0.3.12',
27 silly addNameRange     '0.3.14',
27 silly addNameRange     '0.3.15',
27 silly addNameRange     '0.4.0',
27 silly addNameRange     '0.4.1',
27 silly addNameRange     '0.4.2',
27 silly addNameRange     '0.4.3',
27 silly addNameRange     '0.4.4',
27 silly addNameRange     '0.5.0',
27 silly addNameRange     '0.5.1',
27 silly addNameRange     '0.5.3',
27 silly addNameRange     '0.5.4',
27 silly addNameRange     '0.5.5',
27 silly addNameRange     '0.5.6',
27 silly addNameRange     '1.0.0-1-rc',
27 silly addNameRange     '1.0.0-1-rc2',
27 silly addNameRange     '0.5.7',
27 silly addNameRange     '1.0.0',
27 silly addNameRange     '1.0.1',
27 silly addNameRange     '1.1.0',
27 silly addNameRange     '1.1.1',
27 silly addNameRange     '1.2.0',
27 silly addNameRange     '1.3.0',
27 silly addNameRange     '1.4.0',
27 silly addNameRange     '1.4.1',
27 silly addNameRange     '1.4.2',
27 silly addNameRange     '1.4.3',
27 silly addNameRange     '1.4.4',
27 silly addNameRange     '2.0.0',
27 silly addNameRange     '2.0.1',
27 silly addNameRange     '2.0.2',
27 silly addNameRange     '2.0.3',
27 silly addNameRange     '2.0.4',
27 silly addNameRange     '2.1.0',
27 silly addNameRange     '2.1.1',
27 silly addNameRange     '2.2.0',
27 silly addNameRange     '2.2.1',
27 silly addNameRange     '2.3.0',
27 silly addNameRange     '2.3.1',
27 silly addNameRange     '2.3.2',
27 silly addNameRange     '2.3.3',
27 silly addNameRange     '2.3.4',
27 silly addNameRange     '2.3.5',
27 silly addNameRange     '2.4.0',
27 silly addNameRange     '2.4.1',
27 silly addNameRange     '2.5.0',
27 silly addNameRange     '2.5.1',
27 silly addNameRange     '2.6.0',
27 silly addNameRange     '2.6.1',
27 silly addNameRange     '2.6.2',
27 silly addNameRange     '2.6.3',
27 silly addNameRange     '2.7.0',
27 silly addNameRange     '2.8.0',
27 silly addNameRange     '2.8.1',
27 silly addNameRange     '2.8.2',
27 silly addNameRange     '2.8.3' ] ]
28 silly lockFile 46c35eb1-restify-4-2-0 restify@~4.2.0
29 silly lockFile 46c35eb1-restify-4-2-0 restify@~4.2.0
30 error notarget No compatible version found: restify@'>=4.2.0-0 <4.3.0-0'
30 error notarget Valid install targets:
30 error notarget ["0.1.0","0.1.1","0.1.2","0.1.4","0.1.5","0.1.6","0.1.7","0.1.8","0.1.9","0.1.10","0.1.11","0.1.12","0.1.13","0.1.14","0.1.15","0.1.16","0.1.17","0.1.18","0.1.19","0.1.20","0.1.21","0.1.22","0.1.23","0.2.0","0.2.1","0.2.2","0.2.3","0.2.4","0.2.5","0.2.6","0.2.7","0.2.8","0.2.9","0.2.10","0.2.11","0.2.12","0.2.13","0.3.0","0.3.1","0.3.2-pre1","0.3.2","0.3.3","0.3.4","0.3.5","0.3.6","0.3.7","0.3.8","0.3.9","0.3.10","0.3.11","0.3.12","0.3.14","0.3.15","0.4.0","0.4.1","0.4.2","0.4.3","0.4.4","0.5.0","0.5.1","0.5.3","0.5.4","0.5.5","0.5.6","1.0.0-1-rc","1.0.0-1-rc2","0.5.7","1.0.0","1.0.1","1.1.0","1.1.1","1.2.0","1.3.0","1.4.0","1.4.1","1.4.2","1.4.3","1.4.4","2.0.0","2.0.1","2.0.2","2.0.3","2.0.4","2.1.0","2.1.1","2.2.0","2.2.1","2.3.0","2.3.1","2.3.2","2.3.3","2.3.4","2.3.5","2.4.0","2.4.1","2.5.0","2.5.1","2.6.0","2.6.1","2.6.2","2.6.3","2.7.0","2.8.0","2.8.1","2.8.2","2.8.3"]
30 error notarget
30 error notarget This is most likely not a problem with npm itself.
30 error notarget In most cases you or one of your dependencies are requesting
30 error notarget a package version that doesn't exist.
31 error System Darwin 14.0.0
32 error command "node" "/usr/local/bin/npm" "install" "restify"
33 error cwd /Users/Vinky/Developer/fittingTimerServer
34 error node -v v0.10.33
35 error npm -v 1.4.28
36 error code ETARGET
37 verbose exit [ 1, true ]
